<?xml version="1.0" encoding="UTF-8"?>
<!-- Generated by org.testng.reporters.JUnitReportReporter -->
<testsuite hostname="Dell" name="login.LoginTest" tests="1" failures="0" timestamp="21 May 2017 11:52:00 GMT" time="0.007" errors="0">
  <testcase name="f" time="0.007" classname="login.LoginTest"/>
</testsuite> <!-- login.LoginTest -->
